Terminals which are not used

   tCHAINE
   tCONST
   tRETURN
   tEXP
   tFIRSTARG


State 40 conflicts: 1 shift/reduce


Grammar

    0 $accept: Main $end

    1 Main: /* empty */
    2     | tINT tMAIN tPG tPD tAG Program tAD

    3 Program: /* empty */
    4        | Line Program

    5 Line: Content tSEMICOLON
    6     | If
    7     | While

    8 Content: VariableDeclaration
    9        | VariableDefinition
   10        | Assignment
   11        | Print

   12 VariableType: tINT
   13             | tVOID
   14             | tSTRING

   15 VariableDeclaration: VariableType tID RemVariable

   16 RemVariable: /* empty */
   17            | tCOMMA tID RemVariable

   18 Assignment: tID tEQUAL Expression

   19 VariableDefinition: VariableType tID tEQUAL Expression

   20 Expression: Expression tPLUS Expression
   21           | Expression tMINUS Expression
   22           | Expression tMUL Expression
   23           | Expression tSLASH Expression
   24           | tNB
   25           | tID

   26 While: StartWhile tPG InverseBoolean tPD tAG Program tAD

   27 StartWhile: tWHILE

   28 If: StartIf Program tAD RemainIf

   29 RemainIf: /* empty */
   30         | StartElse Program tAD

   31 StartIf: tIF tPG Boolean tPD tAG

   32 StartElse: tELSE tAG

   33 Boolean: Expression tEQUAL tEQUAL Expression
   34        | Expression tUNEQUAL Expression
   35        | Expression tLESS Expression
   36        | Expression tLESSEQUAL Expression
   37        | Expression tGREATER Expression
   38        | Expression tGREATEREQUAL Expression

   39 InverseBoolean: Expression tEQUAL tEQUAL Expression
   40               | Expression tUNEQUAL Expression
   41               | Expression tLESS Expression
   42               | Expression tLESSEQUAL Expression
   43               | Expression tGREATER Expression
   44               | Expression tGREATEREQUAL Expression

   45 Print: tPRINTF tPG tID tPD
   46      | tPRINTF tPG tQUOTE RemPrint tQUOTE tPD
   47      | tPRINTF tPG tQUOTE tPERCENTINT RemPrint tQUOTE tCOMMA tNB tPD
   48      | tPRINTF tPG tQUOTE tPERCENTINT RemPrint tQUOTE tCOMMA tID tPD
   49      | tPRINTF tPG tQUOTE RemPrint tPERCENTINT RemPrint tQUOTE tCOMMA tID tPD
   50      | tPRINTF tPG tQUOTE RemPrint tPERCENTINT RemPrint tQUOTE tCOMMA tNB tPD

   51 RemPrint: /* empty */
   52         | tID RemPrint


Terminals, with rules where they appear

$end (0) 0
error (256)
tIF (258) 31
tWHILE (259) 27
tELSE (260) 32
tMAIN (261) 2
tQUOTE (262) 46 47 48 49 50
tCHAINE (263)
tCONST (264)
tNB (265) 24 47 50
tRETURN (266)
tPRINTF (267) 45 46 47 48 49 50
tSTRING (268) 14
tAG (269) 2 26 31 32
tAD (270) 2 26 28 30
tSEMICOLON (271) 5
tCOMMA (272) 17 47 48 49 50
tPLUS (273) 20
tMINUS (274) 21
tSLASH (275) 23
tMUL (276) 22
tEQUAL (277) 18 19 33 39
tUNEQUAL (278) 34 40
tLESS (279) 35 41
tLESSEQUAL (280) 36 42
tGREATER (281) 37 43
tGREATEREQUAL (282) 38 44
tPG (283) 2 26 31 45 46 47 48 49 50
tPD (284) 2 26 31 45 46 47 48 49 50
tINT (285) 2 12
tVOID (286) 13
tID (287) 15 17 18 19 25 45 48 49 52
tEXP (288)
tFIRSTARG (289)
tPERCENTINT (290) 47 48 49 50


Nonterminals, with rules where they appear

$accept (36)
    on left: 0
Main (37)
    on left: 1 2, on right: 0
Program (38)
    on left: 3 4, on right: 2 4 26 28 30
Line (39)
    on left: 5 6 7, on right: 4
Content (40)
    on left: 8 9 10 11, on right: 5
VariableType (41)
    on left: 12 13 14, on right: 15 19
VariableDeclaration (42)
    on left: 15, on right: 8
RemVariable (43)
    on left: 16 17, on right: 15 17
Assignment (44)
    on left: 18, on right: 10
VariableDefinition (45)
    on left: 19, on right: 9
Expression (46)
    on left: 20 21 22 23 24 25, on right: 18 19 20 21 22 23 33 34 35
    36 37 38 39 40 41 42 43 44
While (47)
    on left: 26, on right: 7
StartWhile (48)
    on left: 27, on right: 26
If (49)
    on left: 28, on right: 6
RemainIf (50)
    on left: 29 30, on right: 28
StartIf (51)
    on left: 31, on right: 28
StartElse (52)
    on left: 32, on right: 30
Boolean (53)
    on left: 33 34 35 36 37 38, on right: 31
InverseBoolean (54)
    on left: 39 40 41 42 43 44, on right: 26
Print (55)
    on left: 45 46 47 48 49 50, on right: 11
RemPrint (56)
    on left: 51 52, on right: 46 47 48 49 50 52


state 0

    0 $accept: . Main $end

    tINT  shift, and go to state 1

    $default  reduce using rule 1 (Main)

    Main  go to state 2


state 1

    2 Main: tINT . tMAIN tPG tPD tAG Program tAD

    tMAIN  shift, and go to state 3


state 2

    0 $accept: Main . $end

    $end  shift, and go to state 4


state 3

    2 Main: tINT tMAIN . tPG tPD tAG Program tAD

    tPG  shift, and go to state 5


state 4

    0 $accept: Main $end .

    $default  accept


state 5

    2 Main: tINT tMAIN tPG . tPD tAG Program tAD

    tPD  shift, and go to state 6


state 6

    2 Main: tINT tMAIN tPG tPD . tAG Program tAD

    tAG  shift, and go to state 7


state 7

    2 Main: tINT tMAIN tPG tPD tAG . Program tAD

    tIF      shift, and go to state 8
    tWHILE   shift, and go to state 9
    tPRINTF  shift, and go to state 10
    tSTRING  shift, and go to state 11
    tINT     shift, and go to state 12
    tVOID    shift, and go to state 13
    tID      shift, and go to state 14

    $default  reduce using rule 3 (Program)

    Program              go to state 15
    Line                 go to state 16
    Content              go to state 17
    VariableType         go to state 18
    VariableDeclaration  go to state 19
    Assignment           go to state 20
    VariableDefinition   go to state 21
    While                go to state 22
    StartWhile           go to state 23
    If                   go to state 24
    StartIf              go to state 25
    Print                go to state 26


state 8

   31 StartIf: tIF . tPG Boolean tPD tAG

    tPG  shift, and go to state 27


state 9

   27 StartWhile: tWHILE .

    $default  reduce using rule 27 (StartWhile)


state 10

   45 Print: tPRINTF . tPG tID tPD
   46      | tPRINTF . tPG tQUOTE RemPrint tQUOTE tPD
   47      | tPRINTF . tPG tQUOTE tPERCENTINT RemPrint tQUOTE tCOMMA tNB tPD
   48      | tPRINTF . tPG tQUOTE tPERCENTINT RemPrint tQUOTE tCOMMA tID tPD
   49      | tPRINTF . tPG tQUOTE RemPrint tPERCENTINT RemPrint tQUOTE tCOMMA tID tPD
   50      | tPRINTF . tPG tQUOTE RemPrint tPERCENTINT RemPrint tQUOTE tCOMMA tNB tPD

    tPG  shift, and go to state 28


state 11

   14 VariableType: tSTRING .

    $default  reduce using rule 14 (VariableType)


state 12

   12 VariableType: tINT .

    $default  reduce using rule 12 (VariableType)


state 13

   13 VariableType: tVOID .

    $default  reduce using rule 13 (VariableType)


state 14

   18 Assignment: tID . tEQUAL Expression

    tEQUAL  shift, and go to state 29


state 15

    2 Main: tINT tMAIN tPG tPD tAG Program . tAD

    tAD  shift, and go to state 30


state 16

    4 Program: Line . Program

    tIF      shift, and go to state 8
    tWHILE   shift, and go to state 9
    tPRINTF  shift, and go to state 10
    tSTRING  shift, and go to state 11
    tINT     shift, and go to state 12
    tVOID    shift, and go to state 13
    tID      shift, and go to state 14

    $default  reduce using rule 3 (Program)

    Program              go to state 31
    Line                 go to state 16
    Content              go to state 17
    VariableType         go to state 18
    VariableDeclaration  go to state 19
    Assignment           go to state 20
    VariableDefinition   go to state 21
    While                go to state 22
    StartWhile           go to state 23
    If                   go to state 24
    StartIf              go to state 25
    Print                go to state 26


state 17

    5 Line: Content . tSEMICOLON

    tSEMICOLON  shift, and go to state 32


state 18

   15 VariableDeclaration: VariableType . tID RemVariable
   19 VariableDefinition: VariableType . tID tEQUAL Expression

    tID  shift, and go to state 33


state 19

    8 Content: VariableDeclaration .

    $default  reduce using rule 8 (Content)


state 20

   10 Content: Assignment .

    $default  reduce using rule 10 (Content)


state 21

    9 Content: VariableDefinition .

    $default  reduce using rule 9 (Content)


state 22

    7 Line: While .

    $default  reduce using rule 7 (Line)


state 23

   26 While: StartWhile . tPG InverseBoolean tPD tAG Program tAD

    tPG  shift, and go to state 34


state 24

    6 Line: If .

    $default  reduce using rule 6 (Line)


state 25

   28 If: StartIf . Program tAD RemainIf

    tIF      shift, and go to state 8
    tWHILE   shift, and go to state 9
    tPRINTF  shift, and go to state 10
    tSTRING  shift, and go to state 11
    tINT     shift, and go to state 12
    tVOID    shift, and go to state 13
    tID      shift, and go to state 14

    $default  reduce using rule 3 (Program)

    Program              go to state 35
    Line                 go to state 16
    Content              go to state 17
    VariableType         go to state 18
    VariableDeclaration  go to state 19
    Assignment           go to state 20
    VariableDefinition   go to state 21
    While                go to state 22
    StartWhile           go to state 23
    If                   go to state 24
    StartIf              go to state 25
    Print                go to state 26


state 26

   11 Content: Print .

    $default  reduce using rule 11 (Content)


state 27

   31 StartIf: tIF tPG . Boolean tPD tAG

    tNB  shift, and go to state 36
    tID  shift, and go to state 37

    Expression  go to state 38
    Boolean     go to state 39


state 28

   45 Print: tPRINTF tPG . tID tPD
   46      | tPRINTF tPG . tQUOTE RemPrint tQUOTE tPD
   47      | tPRINTF tPG . tQUOTE tPERCENTINT RemPrint tQUOTE tCOMMA tNB tPD
   48      | tPRINTF tPG . tQUOTE tPERCENTINT RemPrint tQUOTE tCOMMA tID tPD
   49      | tPRINTF tPG . tQUOTE RemPrint tPERCENTINT RemPrint tQUOTE tCOMMA tID tPD
   50      | tPRINTF tPG . tQUOTE RemPrint tPERCENTINT RemPrint tQUOTE tCOMMA tNB tPD

    tQUOTE  shift, and go to state 40
    tID     shift, and go to state 41


state 29

   18 Assignment: tID tEQUAL . Expression

    tNB  shift, and go to state 36
    tID  shift, and go to state 37

    Expression  go to state 42


state 30

    2 Main: tINT tMAIN tPG tPD tAG Program tAD .

    $default  reduce using rule 2 (Main)


state 31

    4 Program: Line Program .

    $default  reduce using rule 4 (Program)


state 32

    5 Line: Content tSEMICOLON .

    $default  reduce using rule 5 (Line)


state 33

   15 VariableDeclaration: VariableType tID . RemVariable
   19 VariableDefinition: VariableType tID . tEQUAL Expression

    tCOMMA  shift, and go to state 43
    tEQUAL  shift, and go to state 44

    $default  reduce using rule 16 (RemVariable)

    RemVariable  go to state 45


state 34

   26 While: StartWhile tPG . InverseBoolean tPD tAG Program tAD

    tNB  shift, and go to state 36
    tID  shift, and go to state 37

    Expression      go to state 46
    InverseBoolean  go to state 47


state 35

   28 If: StartIf Program . tAD RemainIf

    tAD  shift, and go to state 48


state 36

   24 Expression: tNB .

    $default  reduce using rule 24 (Expression)


state 37

   25 Expression: tID .

    $default  reduce using rule 25 (Expression)


state 38

   20 Expression: Expression . tPLUS Expression
   21           | Expression . tMINUS Expression
   22           | Expression . tMUL Expression
   23           | Expression . tSLASH Expression
   33 Boolean: Expression . tEQUAL tEQUAL Expression
   34        | Expression . tUNEQUAL Expression
   35        | Expression . tLESS Expression
   36        | Expression . tLESSEQUAL Expression
   37        | Expression . tGREATER Expression
   38        | Expression . tGREATEREQUAL Expression

    tPLUS          shift, and go to state 49
    tMINUS         shift, and go to state 50
    tSLASH         shift, and go to state 51
    tMUL           shift, and go to state 52
    tEQUAL         shift, and go to state 53
    tUNEQUAL       shift, and go to state 54
    tLESS          shift, and go to state 55
    tLESSEQUAL     shift, and go to state 56
    tGREATER       shift, and go to state 57
    tGREATEREQUAL  shift, and go to state 58


state 39

   31 StartIf: tIF tPG Boolean . tPD tAG

    tPD  shift, and go to state 59


state 40

   46 Print: tPRINTF tPG tQUOTE . RemPrint tQUOTE tPD
   47      | tPRINTF tPG tQUOTE . tPERCENTINT RemPrint tQUOTE tCOMMA tNB tPD
   48      | tPRINTF tPG tQUOTE . tPERCENTINT RemPrint tQUOTE tCOMMA tID tPD
   49      | tPRINTF tPG tQUOTE . RemPrint tPERCENTINT RemPrint tQUOTE tCOMMA tID tPD
   50      | tPRINTF tPG tQUOTE . RemPrint tPERCENTINT RemPrint tQUOTE tCOMMA tNB tPD

    tID          shift, and go to state 60
    tPERCENTINT  shift, and go to state 61

    tPERCENTINT  [reduce using rule 51 (RemPrint)]
    $default     reduce using rule 51 (RemPrint)

    RemPrint  go to state 62


state 41

   45 Print: tPRINTF tPG tID . tPD

    tPD  shift, and go to state 63


state 42

   18 Assignment: tID tEQUAL Expression .
   20 Expression: Expression . tPLUS Expression
   21           | Expression . tMINUS Expression
   22           | Expression . tMUL Expression
   23           | Expression . tSLASH Expression

    tPLUS   shift, and go to state 49
    tMINUS  shift, and go to state 50
    tSLASH  shift, and go to state 51
    tMUL    shift, and go to state 52

    $default  reduce using rule 18 (Assignment)


state 43

   17 RemVariable: tCOMMA . tID RemVariable

    tID  shift, and go to state 64


state 44

   19 VariableDefinition: VariableType tID tEQUAL . Expression

    tNB  shift, and go to state 36
    tID  shift, and go to state 37

    Expression  go to state 65


state 45

   15 VariableDeclaration: VariableType tID RemVariable .

    $default  reduce using rule 15 (VariableDeclaration)


state 46

   20 Expression: Expression . tPLUS Expression
   21           | Expression . tMINUS Expression
   22           | Expression . tMUL Expression
   23           | Expression . tSLASH Expression
   39 InverseBoolean: Expression . tEQUAL tEQUAL Expression
   40               | Expression . tUNEQUAL Expression
   41               | Expression . tLESS Expression
   42               | Expression . tLESSEQUAL Expression
   43               | Expression . tGREATER Expression
   44               | Expression . tGREATEREQUAL Expression

    tPLUS          shift, and go to state 49
    tMINUS         shift, and go to state 50
    tSLASH         shift, and go to state 51
    tMUL           shift, and go to state 52
    tEQUAL         shift, and go to state 66
    tUNEQUAL       shift, and go to state 67
    tLESS          shift, and go to state 68
    tLESSEQUAL     shift, and go to state 69
    tGREATER       shift, and go to state 70
    tGREATEREQUAL  shift, and go to state 71


state 47

   26 While: StartWhile tPG InverseBoolean . tPD tAG Program tAD

    tPD  shift, and go to state 72


state 48

   28 If: StartIf Program tAD . RemainIf

    tELSE  shift, and go to state 73

    $default  reduce using rule 29 (RemainIf)

    RemainIf   go to state 74
    StartElse  go to state 75


state 49

   20 Expression: Expression tPLUS . Expression

    tNB  shift, and go to state 36
    tID  shift, and go to state 37

    Expression  go to state 76


state 50

   21 Expression: Expression tMINUS . Expression

    tNB  shift, and go to state 36
    tID  shift, and go to state 37

    Expression  go to state 77


state 51

   23 Expression: Expression tSLASH . Expression

    tNB  shift, and go to state 36
    tID  shift, and go to state 37

    Expression  go to state 78


state 52

   22 Expression: Expression tMUL . Expression

    tNB  shift, and go to state 36
    tID  shift, and go to state 37

    Expression  go to state 79


state 53

   33 Boolean: Expression tEQUAL . tEQUAL Expression

    tEQUAL  shift, and go to state 80


state 54

   34 Boolean: Expression tUNEQUAL . Expression

    tNB  shift, and go to state 36
    tID  shift, and go to state 37

    Expression  go to state 81


state 55

   35 Boolean: Expression tLESS . Expression

    tNB  shift, and go to state 36
    tID  shift, and go to state 37

    Expression  go to state 82


state 56

   36 Boolean: Expression tLESSEQUAL . Expression

    tNB  shift, and go to state 36
    tID  shift, and go to state 37

    Expression  go to state 83


state 57

   37 Boolean: Expression tGREATER . Expression

    tNB  shift, and go to state 36
    tID  shift, and go to state 37

    Expression  go to state 84


state 58

   38 Boolean: Expression tGREATEREQUAL . Expression

    tNB  shift, and go to state 36
    tID  shift, and go to state 37

    Expression  go to state 85


state 59

   31 StartIf: tIF tPG Boolean tPD . tAG

    tAG  shift, and go to state 86


state 60

   52 RemPrint: tID . RemPrint

    tID  shift, and go to state 60

    $default  reduce using rule 51 (RemPrint)

    RemPrint  go to state 87


state 61

   47 Print: tPRINTF tPG tQUOTE tPERCENTINT . RemPrint tQUOTE tCOMMA tNB tPD
   48      | tPRINTF tPG tQUOTE tPERCENTINT . RemPrint tQUOTE tCOMMA tID tPD

    tID  shift, and go to state 60

    $default  reduce using rule 51 (RemPrint)

    RemPrint  go to state 88


state 62

   46 Print: tPRINTF tPG tQUOTE RemPrint . tQUOTE tPD
   49      | tPRINTF tPG tQUOTE RemPrint . tPERCENTINT RemPrint tQUOTE tCOMMA tID tPD
   50      | tPRINTF tPG tQUOTE RemPrint . tPERCENTINT RemPrint tQUOTE tCOMMA tNB tPD

    tQUOTE       shift, and go to state 89
    tPERCENTINT  shift, and go to state 90


state 63

   45 Print: tPRINTF tPG tID tPD .

    $default  reduce using rule 45 (Print)


state 64

   17 RemVariable: tCOMMA tID . RemVariable

    tCOMMA  shift, and go to state 43

    $default  reduce using rule 16 (RemVariable)

    RemVariable  go to state 91


state 65

   19 VariableDefinition: VariableType tID tEQUAL Expression .
   20 Expression: Expression . tPLUS Expression
   21           | Expression . tMINUS Expression
   22           | Expression . tMUL Expression
   23           | Expression . tSLASH Expression

    tPLUS   shift, and go to state 49
    tMINUS  shift, and go to state 50
    tSLASH  shift, and go to state 51
    tMUL    shift, and go to state 52

    $default  reduce using rule 19 (VariableDefinition)


state 66

   39 InverseBoolean: Expression tEQUAL . tEQUAL Expression

    tEQUAL  shift, and go to state 92


state 67

   40 InverseBoolean: Expression tUNEQUAL . Expression

    tNB  shift, and go to state 36
    tID  shift, and go to state 37

    Expression  go to state 93


state 68

   41 InverseBoolean: Expression tLESS . Expression

    tNB  shift, and go to state 36
    tID  shift, and go to state 37

    Expression  go to state 94


state 69

   42 InverseBoolean: Expression tLESSEQUAL . Expression

    tNB  shift, and go to state 36
    tID  shift, and go to state 37

    Expression  go to state 95


state 70

   43 InverseBoolean: Expression tGREATER . Expression

    tNB  shift, and go to state 36
    tID  shift, and go to state 37

    Expression  go to state 96


state 71

   44 InverseBoolean: Expression tGREATEREQUAL . Expression

    tNB  shift, and go to state 36
    tID  shift, and go to state 37

    Expression  go to state 97


state 72

   26 While: StartWhile tPG InverseBoolean tPD . tAG Program tAD

    tAG  shift, and go to state 98


state 73

   32 StartElse: tELSE . tAG

    tAG  shift, and go to state 99


state 74

   28 If: StartIf Program tAD RemainIf .

    $default  reduce using rule 28 (If)


state 75

   30 RemainIf: StartElse . Program tAD

    tIF      shift, and go to state 8
    tWHILE   shift, and go to state 9
    tPRINTF  shift, and go to state 10
    tSTRING  shift, and go to state 11
    tINT     shift, and go to state 12
    tVOID    shift, and go to state 13
    tID      shift, and go to state 14

    $default  reduce using rule 3 (Program)

    Program              go to state 100
    Line                 go to state 16
    Content              go to state 17
    VariableType         go to state 18
    VariableDeclaration  go to state 19
    Assignment           go to state 20
    VariableDefinition   go to state 21
    While                go to state 22
    StartWhile           go to state 23
    If                   go to state 24
    StartIf              go to state 25
    Print                go to state 26


state 76

   20 Expression: Expression . tPLUS Expression
   20           | Expression tPLUS Expression .
   21           | Expression . tMINUS Expression
   22           | Expression . tMUL Expression
   23           | Expression . tSLASH Expression

    tSLASH  shift, and go to state 51
    tMUL    shift, and go to state 52

    $default  reduce using rule 20 (Expression)


state 77

   20 Expression: Expression . tPLUS Expression
   21           | Expression . tMINUS Expression
   21           | Expression tMINUS Expression .
   22           | Expression . tMUL Expression
   23           | Expression . tSLASH Expression

    tSLASH  shift, and go to state 51
    tMUL    shift, and go to state 52

    $default  reduce using rule 21 (Expression)


state 78

   20 Expression: Expression . tPLUS Expression
   21           | Expression . tMINUS Expression
   22           | Expression . tMUL Expression
   23           | Expression . tSLASH Expression
   23           | Expression tSLASH Expression .

    $default  reduce using rule 23 (Expression)


state 79

   20 Expression: Expression . tPLUS Expression
   21           | Expression . tMINUS Expression
   22           | Expression . tMUL Expression
   22           | Expression tMUL Expression .
   23           | Expression . tSLASH Expression

    $default  reduce using rule 22 (Expression)


state 80

   33 Boolean: Expression tEQUAL tEQUAL . Expression

    tNB  shift, and go to state 36
    tID  shift, and go to state 37

    Expression  go to state 101


state 81

   20 Expression: Expression . tPLUS Expression
   21           | Expression . tMINUS Expression
   22           | Expression . tMUL Expression
   23           | Expression . tSLASH Expression
   34 Boolean: Expression tUNEQUAL Expression .

    tPLUS   shift, and go to state 49
    tMINUS  shift, and go to state 50
    tSLASH  shift, and go to state 51
    tMUL    shift, and go to state 52

    $default  reduce using rule 34 (Boolean)


state 82

   20 Expression: Expression . tPLUS Expression
   21           | Expression . tMINUS Expression
   22           | Expression . tMUL Expression
   23           | Expression . tSLASH Expression
   35 Boolean: Expression tLESS Expression .

    tPLUS   shift, and go to state 49
    tMINUS  shift, and go to state 50
    tSLASH  shift, and go to state 51
    tMUL    shift, and go to state 52

    $default  reduce using rule 35 (Boolean)


state 83

   20 Expression: Expression . tPLUS Expression
   21           | Expression . tMINUS Expression
   22           | Expression . tMUL Expression
   23           | Expression . tSLASH Expression
   36 Boolean: Expression tLESSEQUAL Expression .

    tPLUS   shift, and go to state 49
    tMINUS  shift, and go to state 50
    tSLASH  shift, and go to state 51
    tMUL    shift, and go to state 52

    $default  reduce using rule 36 (Boolean)


state 84

   20 Expression: Expression . tPLUS Expression
   21           | Expression . tMINUS Expression
   22           | Expression . tMUL Expression
   23           | Expression . tSLASH Expression
   37 Boolean: Expression tGREATER Expression .

    tPLUS   shift, and go to state 49
    tMINUS  shift, and go to state 50
    tSLASH  shift, and go to state 51
    tMUL    shift, and go to state 52

    $default  reduce using rule 37 (Boolean)


state 85

   20 Expression: Expression . tPLUS Expression
   21           | Expression . tMINUS Expression
   22           | Expression . tMUL Expression
   23           | Expression . tSLASH Expression
   38 Boolean: Expression tGREATEREQUAL Expression .

    tPLUS   shift, and go to state 49
    tMINUS  shift, and go to state 50
    tSLASH  shift, and go to state 51
    tMUL    shift, and go to state 52

    $default  reduce using rule 38 (Boolean)


state 86

   31 StartIf: tIF tPG Boolean tPD tAG .

    $default  reduce using rule 31 (StartIf)


state 87

   52 RemPrint: tID RemPrint .

    $default  reduce using rule 52 (RemPrint)


state 88

   47 Print: tPRINTF tPG tQUOTE tPERCENTINT RemPrint . tQUOTE tCOMMA tNB tPD
   48      | tPRINTF tPG tQUOTE tPERCENTINT RemPrint . tQUOTE tCOMMA tID tPD

    tQUOTE  shift, and go to state 102


state 89

   46 Print: tPRINTF tPG tQUOTE RemPrint tQUOTE . tPD

    tPD  shift, and go to state 103


state 90

   49 Print: tPRINTF tPG tQUOTE RemPrint tPERCENTINT . RemPrint tQUOTE tCOMMA tID tPD
   50      | tPRINTF tPG tQUOTE RemPrint tPERCENTINT . RemPrint tQUOTE tCOMMA tNB tPD

    tID  shift, and go to state 60

    $default  reduce using rule 51 (RemPrint)

    RemPrint  go to state 104


state 91

   17 RemVariable: tCOMMA tID RemVariable .

    $default  reduce using rule 17 (RemVariable)


state 92

   39 InverseBoolean: Expression tEQUAL tEQUAL . Expression

    tNB  shift, and go to state 36
    tID  shift, and go to state 37

    Expression  go to state 105


state 93

   20 Expression: Expression . tPLUS Expression
   21           | Expression . tMINUS Expression
   22           | Expression . tMUL Expression
   23           | Expression . tSLASH Expression
   40 InverseBoolean: Expression tUNEQUAL Expression .

    tPLUS   shift, and go to state 49
    tMINUS  shift, and go to state 50
    tSLASH  shift, and go to state 51
    tMUL    shift, and go to state 52

    $default  reduce using rule 40 (InverseBoolean)


state 94

   20 Expression: Expression . tPLUS Expression
   21           | Expression . tMINUS Expression
   22           | Expression . tMUL Expression
   23           | Expression . tSLASH Expression
   41 InverseBoolean: Expression tLESS Expression .

    tPLUS   shift, and go to state 49
    tMINUS  shift, and go to state 50
    tSLASH  shift, and go to state 51
    tMUL    shift, and go to state 52

    $default  reduce using rule 41 (InverseBoolean)


state 95

   20 Expression: Expression . tPLUS Expression
   21           | Expression . tMINUS Expression
   22           | Expression . tMUL Expression
   23           | Expression . tSLASH Expression
   42 InverseBoolean: Expression tLESSEQUAL Expression .

    tPLUS   shift, and go to state 49
    tMINUS  shift, and go to state 50
    tSLASH  shift, and go to state 51
    tMUL    shift, and go to state 52

    $default  reduce using rule 42 (InverseBoolean)


state 96

   20 Expression: Expression . tPLUS Expression
   21           | Expression . tMINUS Expression
   22           | Expression . tMUL Expression
   23           | Expression . tSLASH Expression
   43 InverseBoolean: Expression tGREATER Expression .

    tPLUS   shift, and go to state 49
    tMINUS  shift, and go to state 50
    tSLASH  shift, and go to state 51
    tMUL    shift, and go to state 52

    $default  reduce using rule 43 (InverseBoolean)


state 97

   20 Expression: Expression . tPLUS Expression
   21           | Expression . tMINUS Expression
   22           | Expression . tMUL Expression
   23           | Expression . tSLASH Expression
   44 InverseBoolean: Expression tGREATEREQUAL Expression .

    tPLUS   shift, and go to state 49
    tMINUS  shift, and go to state 50
    tSLASH  shift, and go to state 51
    tMUL    shift, and go to state 52

    $default  reduce using rule 44 (InverseBoolean)


state 98

   26 While: StartWhile tPG InverseBoolean tPD tAG . Program tAD

    tIF      shift, and go to state 8
    tWHILE   shift, and go to state 9
    tPRINTF  shift, and go to state 10
    tSTRING  shift, and go to state 11
    tINT     shift, and go to state 12
    tVOID    shift, and go to state 13
    tID      shift, and go to state 14

    $default  reduce using rule 3 (Program)

    Program              go to state 106
    Line                 go to state 16
    Content              go to state 17
    VariableType         go to state 18
    VariableDeclaration  go to state 19
    Assignment           go to state 20
    VariableDefinition   go to state 21
    While                go to state 22
    StartWhile           go to state 23
    If                   go to state 24
    StartIf              go to state 25
    Print                go to state 26


state 99

   32 StartElse: tELSE tAG .

    $default  reduce using rule 32 (StartElse)


state 100

   30 RemainIf: StartElse Program . tAD

    tAD  shift, and go to state 107


state 101

   20 Expression: Expression . tPLUS Expression
   21           | Expression . tMINUS Expression
   22           | Expression . tMUL Expression
   23           | Expression . tSLASH Expression
   33 Boolean: Expression tEQUAL tEQUAL Expression .

    tPLUS   shift, and go to state 49
    tMINUS  shift, and go to state 50
    tSLASH  shift, and go to state 51
    tMUL    shift, and go to state 52

    $default  reduce using rule 33 (Boolean)


state 102

   47 Print: tPRINTF tPG tQUOTE tPERCENTINT RemPrint tQUOTE . tCOMMA tNB tPD
   48      | tPRINTF tPG tQUOTE tPERCENTINT RemPrint tQUOTE . tCOMMA tID tPD

    tCOMMA  shift, and go to state 108


state 103

   46 Print: tPRINTF tPG tQUOTE RemPrint tQUOTE tPD .

    $default  reduce using rule 46 (Print)


state 104

   49 Print: tPRINTF tPG tQUOTE RemPrint tPERCENTINT RemPrint . tQUOTE tCOMMA tID tPD
   50      | tPRINTF tPG tQUOTE RemPrint tPERCENTINT RemPrint . tQUOTE tCOMMA tNB tPD

    tQUOTE  shift, and go to state 109


state 105

   20 Expression: Expression . tPLUS Expression
   21           | Expression . tMINUS Expression
   22           | Expression . tMUL Expression
   23           | Expression . tSLASH Expression
   39 InverseBoolean: Expression tEQUAL tEQUAL Expression .

    tPLUS   shift, and go to state 49
    tMINUS  shift, and go to state 50
    tSLASH  shift, and go to state 51
    tMUL    shift, and go to state 52

    $default  reduce using rule 39 (InverseBoolean)


state 106

   26 While: StartWhile tPG InverseBoolean tPD tAG Program . tAD

    tAD  shift, and go to state 110


state 107

   30 RemainIf: StartElse Program tAD .

    $default  reduce using rule 30 (RemainIf)


state 108

   47 Print: tPRINTF tPG tQUOTE tPERCENTINT RemPrint tQUOTE tCOMMA . tNB tPD
   48      | tPRINTF tPG tQUOTE tPERCENTINT RemPrint tQUOTE tCOMMA . tID tPD

    tNB  shift, and go to state 111
    tID  shift, and go to state 112


state 109

   49 Print: tPRINTF tPG tQUOTE RemPrint tPERCENTINT RemPrint tQUOTE . tCOMMA tID tPD
   50      | tPRINTF tPG tQUOTE RemPrint tPERCENTINT RemPrint tQUOTE . tCOMMA tNB tPD

    tCOMMA  shift, and go to state 113


state 110

   26 While: StartWhile tPG InverseBoolean tPD tAG Program tAD .

    $default  reduce using rule 26 (While)


state 111

   47 Print: tPRINTF tPG tQUOTE tPERCENTINT RemPrint tQUOTE tCOMMA tNB . tPD

    tPD  shift, and go to state 114


state 112

   48 Print: tPRINTF tPG tQUOTE tPERCENTINT RemPrint tQUOTE tCOMMA tID . tPD

    tPD  shift, and go to state 115


state 113

   49 Print: tPRINTF tPG tQUOTE RemPrint tPERCENTINT RemPrint tQUOTE tCOMMA . tID tPD
   50      | tPRINTF tPG tQUOTE RemPrint tPERCENTINT RemPrint tQUOTE tCOMMA . tNB tPD

    tNB  shift, and go to state 116
    tID  shift, and go to state 117


state 114

   47 Print: tPRINTF tPG tQUOTE tPERCENTINT RemPrint tQUOTE tCOMMA tNB tPD .

    $default  reduce using rule 47 (Print)


state 115

   48 Print: tPRINTF tPG tQUOTE tPERCENTINT RemPrint tQUOTE tCOMMA tID tPD .

    $default  reduce using rule 48 (Print)


state 116

   50 Print: tPRINTF tPG tQUOTE RemPrint tPERCENTINT RemPrint tQUOTE tCOMMA tNB . tPD

    tPD  shift, and go to state 118


state 117

   49 Print: tPRINTF tPG tQUOTE RemPrint tPERCENTINT RemPrint tQUOTE tCOMMA tID . tPD

    tPD  shift, and go to state 119


state 118

   50 Print: tPRINTF tPG tQUOTE RemPrint tPERCENTINT RemPrint tQUOTE tCOMMA tNB tPD .

    $default  reduce using rule 50 (Print)


state 119

   49 Print: tPRINTF tPG tQUOTE RemPrint tPERCENTINT RemPrint tQUOTE tCOMMA tID tPD .

    $default  reduce using rule 49 (Print)
